Arguments: 
  /home/silviu/.nvm/versions/node/v10.16.3/bin/node /home/silviu/.yarn/bin/yarn.js

PATH: 
  /home/silviu/.nvm/versions/node/v10.16.3/bin:/home/silviu/.yarn/bin:/home/silviu/anaconda/bin:/usr/local/heroku/bin:/home/silviu/google-cloud-sdk/bin:/usr/local/sbin:/usr/local/bin:/usr/sbin:/usr/bin:/sbin:/bin:/usr/games:/usr/local/games:/snap/bin:/usr/lib/jvm/java-8-oracle/bin:/usr/lib/jvm/java-8-oracle/db/bin:/usr/lib/jvm/java-8-oracle/jre/bin:/home/opt/gradle/gradle-2.14//bin:/home/silviu/android-sdks:/home/silviu/android-sdks/tools:/opt/maven/bin

Yarn version: 
  1.3.2

Node version: 
  10.16.3

Platform: 
  linux x64

npm manifest: 
  {
    "name": "pwa-starter-kit",
    "version": "0.9.0",
    "contributors": [
      "The Polymer Authors"
    ],
    "license": "BSD-3-Clause",
    "repository": "Polymer/pwa-starter-kit",
    "scripts": {
      "start": "polymer serve",
      "build": "polymer build --auto-base-path",
      "build:static": "polymer build",
      "serve:static": "polymer serve --port 5000 build/es5-bundled"
    },
    "dependencies": {
      "@polymer/app-layout": "^3.0.0",
      "@polymer/neon-animation": "^3.0.1",
      "@polymer/paper-dropdown-menu": "^3.0.1",
      "@polymer/polymer": "^3.1.0",
      "@webcomponents/webcomponentsjs": "^2.2.4",
      "lit-element": "^2.0.1",
      "web-animations-js": "^2.3.2"
    },
    "devDependencies": {
      "gulp": "^4.0.0",
      "gulp-rename": "^1.3.0",
      "gulp-replace": "^1.0.0",
      "pixelmatch": "^4.0.2",
      "polymer-cli": "^1.9.3",
      "polyserve": "^0.27.0",
      "prpl-server": "^1.4.0",
    }
  }

yarn manifest: 
  No manifest

Lockfile: 
  No lockfile

Trace: 
  SyntaxError: /home/silviu/Projects/webcomponents/projects/polymer/webcomponents/package.json: Unexpected token } in JSON at position 890
      at JSON.parse (<anonymous>)
      at /home/silviu/.yarn/lib/cli.js:770:59
      at Generator.next (<anonymous>)
      at step (/home/silviu/.yarn/lib/cli.js:92:30)
      at /home/silviu/.yarn/lib/cli.js:103:13
